  main.cpp
main.cpp(57): warning C4018: '<': signed/unsigned mismatch
main.cpp(60): warning C4018: '<': signed/unsigned mismatch
main.cpp(65): warning C4018: '<': signed/unsigned mismatch
main.cpp(96): warning C4018: '<': signed/unsigned mismatch
main.cpp(113): warning C4018: '<': signed/unsigned mismatch
main.cpp(116): warning C4018: '<': signed/unsigned mismatch
main.cpp(121): warning C4018: '<': signed/unsigned mismatch
main.cpp(85): warning C4101: 'm': unreferenced local variable
main.cpp(141): warning C4101: 'e': unreferenced local variable
  sudokureader.cpp
sudokureader.cpp(89): warning C4018: '<': signed/unsigned mismatch
sudokureader.cpp(91): warning C4018: '<': signed/unsigned mismatch
sudokureader.cpp(97): warning C4018: '<': signed/unsigned mismatch
sudokureader.cpp(98): warning C4018: '<': signed/unsigned mismatch
sudokureader.cpp(95): warning C4101: 'space': unreferenced local variable
  Generating code
  2 of 867 functions ( 0.2%) were compiled, the rest were copied from previous compilation.
    0 functions were new in current compilation
    7 functions had inline decision re-evaluated but remain unchanged
  Finished generating code
  Monster-Sudoku-Solver-P.vcxproj -> D:\Files\School\IRVINE\Winter 2016\Intro Artificial Intelligence\CS 171 Project\Monster-Sudoku-Solver\Monster-Sudoku-Solver-P\Release\Monster-Sudoku-Solver-P.exe
